Start testing: Aug 18 16:39 +08
----------------------------------------------------------
1/2 Testing: SquareTest
1/2 Test: SquareTest
Command: "/home/aldren/workspace/build/testSquare"
Directory: /home/aldren/workspace/build
"SquareTest" start time: Aug 18 16:39 +08
Output:
----------------------------------------------------------
Testing Square area
Testing Square Perimeter
All test is passed!
<end of output>
Test time =   0.00 sec
----------------------------------------------------------
Test Passed.
"SquareTest" end time: Aug 18 16:39 +08
"SquareTest" time elapsed: 00:00:00
----------------------------------------------------------

2/2 Testing: RectangleTest
2/2 Test: RectangleTest
Command: "/home/aldren/workspace/build/testRectangle"
Directory: /home/aldren/workspace/build
"RectangleTest" start time: Aug 18 16:39 +08
Output:
----------------------------------------------------------
Testing Rectangle Area
Test is passed
Test is passed!
All Square is passed
<end of output>
Test time =   0.00 sec
----------------------------------------------------------
Test Passed.
"RectangleTest" end time: Aug 18 16:39 +08
"RectangleTest" time elapsed: 00:00:00
----------------------------------------------------------

End testing: Aug 18 16:39 +08
