Start testing: Aug 18 14:08 +08
----------------------------------------------------------
1/2 Testing: SquareTest
1/2 Test: SquareTest
Command: "/home/aldren/workspace/build/testSquare"
Directory: /home/aldren/workspace/build
"SquareTest" start time: Aug 18 14:08 +08
Output:
----------------------------------------------------------
testSquare: /home/aldren/workspace/testSquare.cpp:16: void TestPerimeter(): Assertion `square.GetPerimeter() == 100' failed.
<end of output>
Test time =   0.00 sec
----------------------------------------------------------
Test Failed.
"SquareTest" end time: Aug 18 14:08 +08
"SquareTest" time elapsed: 00:00:00
----------------------------------------------------------

2/2 Testing: RectangleTest
2/2 Test: RectangleTest
Command: "/home/aldren/workspace/build/testRectangle"
Directory: /home/aldren/workspace/build
"RectangleTest" start time: Aug 18 14:08 +08
Output:
----------------------------------------------------------
testRectangle: /home/aldren/workspace/testRectangle.cpp:17: void testPerimeter(): Assertion `rec.GetPerimeter() == 100' failed.
<end of output>
Test time =   0.00 sec
----------------------------------------------------------
Test Failed.
"RectangleTest" end time: Aug 18 14:08 +08
"RectangleTest" time elapsed: 00:00:00
----------------------------------------------------------

End testing: Aug 18 14:08 +08
